"21h2cl3": zone os tenant
"AVI_Avi-se-aziou": zone os tenant
"AVI_Avi-se-bfsiu": zone os tenant
"AVI_Avi-se-ixcsd": zone os tenant
"AVI_Avi-se-xmzmd": zone os tenant
"Avi-se-bwkbd": zone os tenant
"Avi-se-bxozk": zone os tenant
"Avi-se-imeaa": zone os tenant
"Avi-se-jahjn": zone os tenant
"Avi-se-llyyi": zone os tenant
"Avi-se-lrrly": zone os tenant
"Avi-se-salab": zone os tenant
"Avi-se-vxyzr": zone os tenant
"Avi-se-ynfxl": zone os tenant
"Avi-se-yrwvw": zone os tenant
"Avi-se-zibem": zone os tenant
"Avi-se-zwcea": zone os tenant
"CA1": zone os tenant
"CSN-autodeploy": zone os tenant
"Cloud_Machine_1-mcm1179-164147093086": zone os tenant
"Cloud_Machine_1-mcm1181-164148899843": zone os tenant
"Cloud_Machine_1-mcm1183-164366791949": zone os tenant
"CommitNr123": zone os tenant
"DC1": zone os tenant
"DF-AD01": zone os tenant
"Datacore-2": zone os tenant
"Datacore-3": zone os tenant
"ES-autodeploy": zone os tenant
"EVE-pro": zone os tenant
"FS1": zone os tenant
"Gateway-autodeploy": zone os tenant
"Gerd-CCIE-VM": zone os tenant
"Gerd-IDS-External": zone os tenant
"Gerd-IDS-Victim": zone os tenant
"Gerd_Test_App01": zone os tenant
"Gerd_Test_DB01": zone os tenant
"Gerd_Test_Web01": zone os tenant
"Grafana": zone os tenant
"Harbor": zone os tenant
"HomeNFS": zone os tenant
"HomeNFSTest": zone os tenant
"I-doIT": zone os tenant
"Infoblox-master": zone os tenant
"Infoblox1-nios-8.5.2": zone os tenant
"Joerg": zone os tenant
"K8s_Master_Node-mcm1004-180788187004": zone os tenant
"K8s_Master_Node-mcm1010-181163791068": zone os tenant
"K8s_Master_Node-mcm1280-187434780168": zone os tenant
"K8s_Node-mcm1076-182029267168": zone os tenant
"K8s_Node-mcm1077-182029267168": zone os tenant
"K8s_Node-mcm1078-182029267168": zone os tenant
"K8s_Worker_Node-mcm1005-180788202474": zone os tenant
"K8s_Worker_Node-mcm1011-181163806712": zone os tenant
"K8s_Worker_Node-mcm1281-187434796504": zone os tenant
"Lab-1": zone os tenant
"Lastline Sensor": zone os tenant
"M-Nagios": zone os tenant
"MAT": zone os tenant
"NAS2": zone os tenant
"NS1": zone os tenant
"NovaSensor": zone os tenant
"PS-Demo-Tmpl": zone os tenant
"RTR1": zone os tenant
"RTR2": zone os tenant
"Request Tracker": zone os tenant
"SA-CLI-VM": zone os tenant
"SA-CLI-VM": zone os tenant
"SA-win10": zone os tenant
"SAP-VM1": zone os tenant
"SASE-Branch-vEdge": zone os tenant
"SASE-Win10": zone os tenant
"SD-WAN-Monitor": zone os tenant
"SD-Wan-Edge-POC": zone os tenant
"SQL-Server": zone os tenant
"SQL1": zone os tenant
"SupervisorControlPlaneVM (10)": zone os tenant
"SupervisorControlPlaneVM (11)": zone os tenant
"SupervisorControlPlaneVM (12)": zone os tenant
"SupervisorControlPlaneVM (7)": zone os tenant
"SupervisorControlPlaneVM (8)": zone os tenant
"SupervisorControlPlaneVM (9)": zone os tenant
"Test ESXI7-01": zone os tenant
"Test-dminik": zone os tenant
"Test123": zone os tenant
"TestProxy": zone os tenant
"Testfs": zone os tenant
"Tst": zone os tenant
"VCO-lab": zone os tenant
"VMware-vRealize-Network-Insight-6.2.0-collector": zone os tenant
"VMware-vRealize-Network-Insight-6.2.0-platform": zone os tenant
"Veeam": zone os tenant
"W10GP": zone os tenant
"ansible-command": zone os tenant
"ansible-controller": zone os tenant
"ansible-nsxt.vdi.sclabs.net": zone os tenant
"ansible-template": zone os tenant
"ansible-vcsa.vdi.sclabs.net": zone os tenant
"api1-85fcdbc5c9-d4pln": zone os tenant
"api1-85fcdbc5c9-mpg5b": zone os tenant
"api1-85fcdbc5c9-s48bg": zone os tenant
"auto-app05": zone os tenant
"auto-db05": zone os tenant
"auto-web05": zone os tenant
"av2": zone os tenant
"avi01": zone os tenant
"avi02": zone os tenant
"avi03": zone os tenant
"avicon1": zone os tenant
"avicon2": zone os tenant
"avicon3": zone os tenant
"avicon4": zone os tenant
"avicon5": zone os tenant
"avicon6": zone os tenant
"avicon7": zone os tenant
"clone3": zone os tenant
"cp-replica-34b52a8e-3f37-4393-8249-5a9bb5a727e6": zone os tenant
"cp-replica-4185549e-ccc9-4116-8d23-43df5b5d0969": zone os tenant
"cp-replica-922a1b5f-fde4-460d-82f1-ef1c8ceeaf85": zone os tenant
"cp-replica-be3cd893-ad86-4cb5-8dcf-e7624d05c2c1": zone os tenant
"cp-replica-c1647a7e-bee2-4691-a821-ad70d844f328": zone os tenant
"cp-replica-f39bfcb6-cc4f-4b3d-9fe3-ce80380625bb": zone os tenant
"cp-template-201cb29f-e51c-4b71-8731-c518ff096d54": zone os tenant
"cp-template-4b327436-04a9-4b22-9589-5a6bdeaa08a1": zone os tenant
"cp-template-52a5c54e-7b05-415b-a36f-2f48b1d3be9d": zone os tenant
"cp-template-6af8a53c-cd46-41ce-88b1-dfb51eefc935": zone os tenant
"cp-template-ac1f7799-753c-45cc-94d5-7b33904b5a5f": zone os tenant
"cp-template-e632200e-24ff-43b6-b670-af96123dc872": zone os tenant
"cs-1": zone os tenant
"cs-2": zone os tenant
"cs-3": zone os tenant
"cs-4": zone os tenant
"dc01.julius.lab": zone os tenant
"demo-A4711-app1": zone os tenant
"demo-A4711-db1": zone os tenant
"demo-A4711-web2": zone os tenant
"demo-A4711-web3": zone os tenant
"demo-A51-app1": zone os tenant
"demo-A51-db1": zone os tenant
"demo-A51-web1": zone os tenant
"demo-A51-web2": zone os tenant
"dep21-1": zone os tenant
"dep21-2": zone os tenant
"dep21-3": zone os tenant
"dep21-4": zone os tenant
"dep21-5": zone os tenant
"docker-sap-1.2": zone os tenant
"dummy-vm1": zone
"dummy-vm10": zone os tenant
"dummy-vm11": zone os tenant
"dummy-vm12": zone os tenant
"dummy-vm3": zone os tenant
"dummy-vm4": zone os tenant
"dummy-vm5": zone os tenant
"dummy-vm6": zone tenant
"dummy-vm7": zone os tenant
"dummy-vm8": zone os tenant
"dummy-vm9": zone os tenant
"en1.sclabs.net": zone os tenant
"en2.sclabs.net": zone os tenant
"en3sclabs.net": zone os tenant
"en4sclabs.net": zone os tenant
"esx-auto": zone os tenant
"esx-auto-overlay": zone os tenant
"esx67-01": zone os tenant
"esx67-02": zone os tenant
"esx67-03": zone os tenant
"esx67-04": zone os tenant
"esxi-vsan": zone os tenant
"esxi00.julius.lab": zone os tenant
"esxi01.julius.lab": zone os tenant
"esxi02.julius.lab": zone os tenant
"esxi03.julius.lab": zone os tenant
"esxi04.julius.lab": zone os tenant
"esxi67-leer": zone os tenant
"exampleTerraCloudInit": zone os tenant
"fhf-mcm994-180777838871": zone os tenant
"fp-ansible": zone os tenant
"fp-esx60": zone os tenant
"fp-esx67-01": zone os tenant
"fp-esx67-02": zone os tenant
"fr-ansible-1": zone os tenant
"genclone1": zone os tenant
"genclone2": zone os tenant
"gs-k8s-mgmt-control-plane-dttdn": zone os tenant
"gs-k8s-mgmt-md-0-78cc4cf5b5-x9bvc": zone os tenant
"hallo2": zone os tenant
"harbor-1337625190-harbor-core-856d57b77b-7vxc8": zone os tenant
"harbor-1337625190-harbor-database-0": zone os tenant
"harbor-1337625190-harbor-jobservice-597d778d-7gwsg": zone os tenant
"harbor-1337625190-harbor-nginx-6cd7bdfccd-h9gj5": zone os tenant
"harbor-1337625190-harbor-portal-6454d76685-76lgh": zone os tenant
"harbor-1337625190-harbor-redis-0": zone os tenant
"harbor-1337625190-harbor-registry-76748d57f9-ctds5": zone os tenant
"harbor-161280367-harbor-core-bbd5f9748-pf7p8": zone os tenant
"harbor-161280367-harbor-database-0": zone os tenant
"harbor-161280367-harbor-jobservice-f788947cf-sm4sl": zone os tenant
"harbor-161280367-harbor-nginx-69cc4fc945-mjnsk": zone os tenant
"harbor-161280367-harbor-portal-8696cc98cd-dmrk6": zone os tenant
"harbor-161280367-harbor-redis-0": zone os tenant
"harbor-161280367-harbor-registry-b45d5ccb5-dtplb": zone os tenant
"infoblox-slave": zone os tenant
"isotest": zone os tenant
"jumpbox": zone os tenant
"jw-ansible-test": zone os tenant
"jw-vESXi-01": zone os tenant
"jw-vESXi-02": zone os tenant
"jw-vESXi-03": zone os tenant
"k8s-play-tmpl": zone os tenant
"kali": zone os tenant
"kevin-ubuntu-in-use": zone os tenant
"kevin-ubuntu-temporary": zone os tenant
"m.cisse--1": zone os tenant
"m.cisse--3": zone os tenant
"master-1804": zone os tenant
"mc-ansible": zone os tenant
"mcvra76": zone os tenant
"mgmt-1": zone os tenant
"mgmt-2": zone os tenant
"netapp-mgmt": zone os tenant
"nick-gitlab": zone os tenant
"nick-glbr": zone os tenant
"nick-k8s-play-645": zone os tenant
"nick-k8s-play-646": zone os tenant
"nsx1": zone os tenant
"nsx2": zone os tenant
"nsx3201": zone os tenant
"nsx3202": zone os tenant
"nsx3203": zone os tenant
"nsx3204": zone os tenant
"nsx32vc": zone os tenant
"nsxi": zone os tenant
"nsxm.julius.lab": zone os tenant
"nsxm3": zone os tenant
"nsxv": zone os tenant
"patrick-k8s-play-652": zone os tenant
"patrick-k8s-play-657": zone os tenant
"powershellHost": zone os tenant
"proxy01": zone os tenant
"psvidm86": zone os tenant
"psvra86": zone os tenant
"psvrlcm86": zone os tenant
"scp-new": zone os tenant
"sg1": zone os tenant
"sg2": zone os tenant
"sgsg": zone os tenant
"swarm-poc-deploy": zone os tenant
"swarmstorage1": zone os tenant
"swarmstorage2": zone os tenant
"swarmstorage3": zone os tenant
"test-ad": zone os tenant
"test1-mcm996-180779162713": zone os tenant
"testWM1": zone os tenant
"testWM2": zone os tenant
"testwinuser1": zone os tenant
"testwinuser2": zone os tenant
"tkc-napp-control-plane-c2drc": zone os tenant
"tkc-napp-workers-b485k-6c7bd8f589-f9zvq": zone os tenant
"tkc-napp-workers-b485k-6c7bd8f589-hvgch": zone os tenant
"tkc-napp-workers-b485k-6c7bd8f589-t68hb": zone os tenant
"tkc-test-172-17-control-plane-9br2k": zone os tenant
"tkc-test-172-17-workers-ghj8g-5cb99c568c-77rkg": zone os tenant
"tkc-test-172-17-workers-ghj8g-5cb99c568c-95ts8": zone os tenant
"tkc-test-172-17-workers-ghj8g-5cb99c568c-s6gvf": zone os tenant
"tkc-test-control-plane-78j9m": zone os tenant
"tkc-test-workers-89pqt-5d5ccbb4fd-2xs7m": zone os tenant
"tkc-test-workers-89pqt-5d5ccbb4fd-dpwql": zone os tenant
"tkc-test-workers-89pqt-5d5ccbb4fd-t8x89": zone os tenant
"tkc-test3-control-plane-fxrn5": zone os tenant
"tkc-test3-workers-4gvdj-7666668b7f-mwvkp": zone os tenant
"tkc-test3-workers-4gvdj-7666668b7f-rpbt2": zone os tenant
"tkc-test3-workers-4gvdj-7666668b7f-wrzdg": zone os tenant
"ts-k8s-1": zone os tenant
"ts-k8s-2": zone os tenant
"ts-k8s-3": zone os tenant
"u2004-27.8.21": zone os tenant
"u2004-n1": zone os tenant
"u2004u-001": zone os tenant
"u2004u-002": zone os tenant
"u2004u-003": zone os tenant
"u2004u-004": zone os tenant
"u2004u-005": zone os tenant
"u2004u-006": zone os tenant
"u2004u-007": zone os tenant
"u2004u-009": zone os tenant
"u2004u-010": zone os tenant
"u2004u-011": zone os tenant
"u2004u-012": zone os tenant
"u2004u-013": zone os tenant
"u2004u-021": zone os tenant
"u2004u-023": zone os tenant
"u2004u-024": zone os tenant
"u2004u-025": zone os tenant
"u2004zsh-1": zone os tenant
"u2004zsh-2": zone os tenant
"u2004zsh-3": zone os tenant
"u2004zsh-4": zone os tenant
"u2004zsh-5": zone os tenant
"uag1-new": zone os tenant
"ubuntu-2004": zone os tenant
"ubuntu-2004-wip": zone os tenant
"ubuntu-2204-c1": zone os tenant
"ubuntu-nas": zone os tenant
"ubuntu-test": zone os tenant
"ubuntu2004": zone os tenant
"v2tnsx1": zone os tenant
"vCLS-a521e9a0-25e5-4b19-91a7-cafefb56e6cf": zone os tenant
"vCLS-d720d23d-2e97-45b3-b3fc-cf9c12fcf0d7": zone os tenant
"vCLS-d92e955a-1b54-4df6-8966-f897e2d0f80e": zone os tenant
"vCLS-dcc60e73-7e24-457b-b0bf-331dc43bb87f": zone os tenant
"vCLS-ec70625e-4645-4e07-bc5b-2ce7acba590a": zone os tenant
"vCLS-f983976f-0d40-429d-ba1c-bc2c2a233352": zone os tenant
"vCenter01.julius.lab": zone os tenant
"vIDM8": zone os tenant
"vLCM8": zone os tenant
"vRLI": zone os tenant
"vRO8": zone os tenant
"vROps8": zone os tenant
"vault-1.vdi.sclabs.net": zone os tenant
"vault.vdi.sclabs.net": zone os tenant
"vc-1-new2": zone os tenant
"vc2": zone os tenant
"vc3": zone os tenant
"vc67-updated": zone os tenant
"vcd-rabbitmq": zone os tenant
"vcdjens.sclabs.net": zone os tenant
"vcf01": zone os tenant
"vcf0101": zone os tenant
"vcf0102": zone os tenant
"vcf02": zone os tenant
"vcf03": zone os tenant
"vcf04": zone os tenant
"vcfwitness": zone os tenant
"vcsa7": zone os tenant
"vcsa7.vdi.sclabs.net": zone os tenant
"velocloud-orchestrator": zone os tenant
"velocloud-vcc": zone os tenant
"velocloud-vcc-02": zone os tenant
"vra83": zone os tenant
"w10-21": zone os tenant
"w10na-001": zone os tenant
"w10na-002": zone os tenant
"w10na-003": zone os tenant
"w10na-004": zone os tenant
"w10na-005": zone os tenant
"w10na-006": zone os tenant
"w10na-007": zone os tenant
"w10na-008": zone os tenant
"w10na-009": zone os tenant
"w10na-010": zone os tenant
"w10na-011": zone os tenant
"w10na-012": zone os tenant
"w10na-015": zone os tenant
"w10test1": zone os tenant
"w11-1": zone os tenant
"w2019": zone os tenant
"w2019-nov-2021": zone os tenant
"w2019m-31-03-21": zone os tenant
"zabbix_appliance-5.0.19": zone os tenant
